{"C:\\xampp\\htdocs\\Ynov\\gr-refactoring-kata\\src\\index.js": {"path":"C:\\xampp\\htdocs\\Ynov\\gr-refactoring-kata\\src\\index.js","statementMap":{"0":{"start":{"line":3,"column":4},"end":{"line":3,"column":21}},"1":{"start":{"line":4,"column":4},"end":{"line":4,"column":25}},"2":{"start":{"line":5,"column":4},"end":{"line":5,"column":27}},"3":{"start":{"line":11,"column":4},"end":{"line":11,"column":23}},"4":{"start":{"line":15,"column":4},"end":{"line":27,"column":5}},"5":{"start":{"line":17,"column":8},"end":{"line":17,"column":39}},"6":{"start":{"line":19,"column":8},"end":{"line":19,"column":41}},"7":{"start":{"line":19,"column":29},"end":{"line":19,"column":41}},"8":{"start":{"line":20,"column":8},"end":{"line":20,"column":39}},"9":{"start":{"line":20,"column":30},"end":{"line":20,"column":39}},"10":{"start":{"line":21,"column":8},"end":{"line":21,"column":40}},"11":{"start":{"line":21,"column":31},"end":{"line":21,"column":40}},"12":{"start":{"line":22,"column":8},"end":{"line":22,"column":17}},"13":{"start":{"line":24,"column":8},"end":{"line":24,"column":17}},"14":{"start":{"line":26,"column":8},"end":{"line":26,"column":41}},"15":{"start":{"line":31,"column":4},"end":{"line":36,"column":5}},"16":{"start":{"line":33,"column":8},"end":{"line":33,"column":17}},"17":{"start":{"line":35,"column":8},"end":{"line":35,"column":18}},"18":{"start":{"line":40,"column":4},"end":{"line":40,"column":54}},"19":{"start":{"line":44,"column":4},"end":{"line":44,"column":40}},"20":{"start":{"line":45,"column":4},"end":{"line":45,"column":46}},"21":{"start":{"line":47,"column":4},"end":{"line":50,"column":5}},"22":{"start":{"line":48,"column":6},"end":{"line":48,"column":45}},"23":{"start":{"line":48,"column":28},"end":{"line":48,"column":45}},"24":{"start":{"line":49,"column":6},"end":{"line":49,"column":47}},"25":{"start":{"line":49,"column":29},"end":{"line":49,"column":47}},"26":{"start":{"line":52,"column":4},"end":{"line":52,"column":16}},"27":{"start":{"line":56,"column":4},"end":{"line":56,"column":72}},"28":{"start":{"line":56,"column":42},"end":{"line":56,"column":70}},"29":{"start":{"line":57,"column":4},"end":{"line":57,"column":22}}},"fnMap":{"0":{"name":"(anonymous_0)","decl":{"start":{"line":2,"column":2},"end":{"line":2,"column":3}},"loc":{"start":{"line":2,"column":37},"end":{"line":6,"column":3}},"line":2},"1":{"name":"(anonymous_1)","decl":{"start":{"line":10,"column":2},"end":{"line":10,"column":3}},"loc":{"start":{"line":10,"column":21},"end":{"line":12,"column":3}},"line":10},"2":{"name":"(anonymous_2)","decl":{"start":{"line":14,"column":2},"end":{"line":14,"column":3}},"loc":{"start":{"line":14,"column":19},"end":{"line":28,"column":3}},"line":14},"3":{"name":"(anonymous_3)","decl":{"start":{"line":30,"column":2},"end":{"line":30,"column":3}},"loc":{"start":{"line":30,"column":18},"end":{"line":37,"column":3}},"line":30},"4":{"name":"(anonymous_4)","decl":{"start":{"line":39,"column":2},"end":{"line":39,"column":3}},"loc":{"start":{"line":39,"column":17},"end":{"line":41,"column":3}},"line":39},"5":{"name":"(anonymous_5)","decl":{"start":{"line":43,"column":2},"end":{"line":43,"column":3}},"loc":{"start":{"line":43,"column":26},"end":{"line":53,"column":3}},"line":43},"6":{"name":"(anonymous_6)","decl":{"start":{"line":55,"column":2},"end":{"line":55,"column":3}},"loc":{"start":{"line":55,"column":18},"end":{"line":58,"column":3}},"line":55},"7":{"name":"(anonymous_7)","decl":{"start":{"line":56,"column":32},"end":{"line":56,"column":33}},"loc":{"start":{"line":56,"column":42},"end":{"line":56,"column":70}},"line":56}},"branchMap":{"0":{"loc":{"start":{"line":15,"column":4},"end":{"line":27,"column":5}},"type":"switch","locations":[{"start":{"line":16,"column":6},"end":{"line":17,"column":39}},{"start":{"line":18,"column":6},"end":{"line":22,"column":17}},{"start":{"line":23,"column":6},"end":{"line":24,"column":17}},{"start":{"line":25,"column":6},"end":{"line":26,"column":41}}],"line":15},"1":{"loc":{"start":{"line":17,"column":15},"end":{"line":17,"column":38}},"type":"cond-expr","locations":[{"start":{"line":17,"column":33},"end":{"line":17,"column":34}},{"start":{"line":17,"column":37},"end":{"line":17,"column":38}}],"line":17},"2":{"loc":{"start":{"line":19,"column":8},"end":{"line":19,"column":41}},"type":"if","locations":[{"start":{"line":19,"column":8},"end":{"line":19,"column":41}},{"start":{},"end":{}}],"line":19},"3":{"loc":{"start":{"line":20,"column":8},"end":{"line":20,"column":39}},"type":"if","locations":[{"start":{"line":20,"column":8},"end":{"line":20,"column":39}},{"start":{},"end":{}}],"line":20},"4":{"loc":{"start":{"line":21,"column":8},"end":{"line":21,"column":40}},"type":"if","locations":[{"start":{"line":21,"column":8},"end":{"line":21,"column":40}},{"start":{},"end":{}}],"line":21},"5":{"loc":{"start":{"line":26,"column":15},"end":{"line":26,"column":40}},"type":"cond-expr","locations":[{"start":{"line":26,"column":33},"end":{"line":26,"column":35}},{"start":{"line":26,"column":38},"end":{"line":26,"column":40}}],"line":26},"6":{"loc":{"start":{"line":31,"column":4},"end":{"line":36,"column":5}},"type":"switch","locations":[{"start":{"line":32,"column":6},"end":{"line":33,"column":17}},{"start":{"line":34,"column":6},"end":{"line":35,"column":18}}],"line":31},"7":{"loc":{"start":{"line":47,"column":4},"end":{"line":50,"column":5}},"type":"if","locations":[{"start":{"line":47,"column":4},"end":{"line":50,"column":5}},{"start":{},"end":{}}],"line":47},"8":{"loc":{"start":{"line":48,"column":6},"end":{"line":48,"column":45}},"type":"if","locations":[{"start":{"line":48,"column":6},"end":{"line":48,"column":45}},{"start":{},"end":{}}],"line":48},"9":{"loc":{"start":{"line":49,"column":6},"end":{"line":49,"column":47}},"type":"if","locations":[{"start":{"line":49,"column":6},"end":{"line":49,"column":47}},{"start":{},"end":{}}],"line":49}},"s":{"0":28,"1":28,"2":28,"3":10,"4":14,"5":3,"6":5,"7":1,"8":4,"9":1,"10":3,"11":1,"12":2,"13":2,"14":4,"15":14,"16":2,"17":12,"18":14,"19":14,"20":14,"21":14,"22":12,"23":2,"24":12,"25":2,"26":14,"27":10,"28":14,"29":10},"f":{"0":28,"1":10,"2":14,"3":14,"4":14,"5":14,"6":10,"7":14},"b":{"0":[3,5,2,4],"1":[1,2],"2":[1,4],"3":[1,3],"4":[1,2],"5":[1,3],"6":[2,12],"7":[12,2],"8":[2,10],"9":[2,10]},"_coverageSchema":"1a1c01bbd47fc00a2c39e90264f33305004495a9","hash":"1aa9d1a41fdc61708fcfee3948f58e4d80f48745"}
,"C:\\xampp\\htdocs\\Ynov\\gr-refactoring-kata\\src\\originalCode.js": {"path":"C:\\xampp\\htdocs\\Ynov\\gr-refactoring-kata\\src\\originalCode.js","statementMap":{"0":{"start":{"line":3,"column":4},"end":{"line":3,"column":21}},"1":{"start":{"line":4,"column":4},"end":{"line":4,"column":25}},"2":{"start":{"line":5,"column":4},"end":{"line":5,"column":27}},"3":{"start":{"line":11,"column":4},"end":{"line":11,"column":23}},"4":{"start":{"line":14,"column":4},"end":{"line":66,"column":5}},"5":{"start":{"line":14,"column":17},"end":{"line":14,"column":18}},"6":{"start":{"line":15,"column":6},"end":{"line":42,"column":7}},"7":{"start":{"line":19,"column":8},"end":{"line":23,"column":9}},"8":{"start":{"line":20,"column":10},"end":{"line":22,"column":11}},"9":{"start":{"line":21,"column":12},"end":{"line":21,"column":62}},"10":{"start":{"line":25,"column":8},"end":{"line":41,"column":9}},"11":{"start":{"line":26,"column":10},"end":{"line":26,"column":60}},"12":{"start":{"line":27,"column":10},"end":{"line":40,"column":11}},"13":{"start":{"line":30,"column":12},"end":{"line":34,"column":13}},"14":{"start":{"line":31,"column":14},"end":{"line":33,"column":15}},"15":{"start":{"line":32,"column":16},"end":{"line":32,"column":66}},"16":{"start":{"line":35,"column":12},"end":{"line":39,"column":13}},"17":{"start":{"line":36,"column":14},"end":{"line":38,"column":15}},"18":{"start":{"line":37,"column":16},"end":{"line":37,"column":66}},"19":{"start":{"line":43,"column":6},"end":{"line":45,"column":7}},"20":{"start":{"line":44,"column":8},"end":{"line":44,"column":56}},"21":{"start":{"line":46,"column":6},"end":{"line":65,"column":7}},"22":{"start":{"line":47,"column":8},"end":{"line":64,"column":9}},"23":{"start":{"line":48,"column":10},"end":{"line":59,"column":11}},"24":{"start":{"line":51,"column":12},"end":{"line":55,"column":13}},"25":{"start":{"line":52,"column":14},"end":{"line":54,"column":15}},"26":{"start":{"line":53,"column":16},"end":{"line":53,"column":66}},"27":{"start":{"line":57,"column":12},"end":{"line":58,"column":60}},"28":{"start":{"line":61,"column":10},"end":{"line":63,"column":11}},"29":{"start":{"line":62,"column":12},"end":{"line":62,"column":62}},"30":{"start":{"line":68,"column":4},"end":{"line":68,"column":22}}},"fnMap":{"0":{"name":"(anonymous_0)","decl":{"start":{"line":2,"column":2},"end":{"line":2,"column":3}},"loc":{"start":{"line":2,"column":37},"end":{"line":6,"column":3}},"line":2},"1":{"name":"(anonymous_1)","decl":{"start":{"line":10,"column":2},"end":{"line":10,"column":3}},"loc":{"start":{"line":10,"column":26},"end":{"line":12,"column":3}},"line":10},"2":{"name":"(anonymous_2)","decl":{"start":{"line":13,"column":2},"end":{"line":13,"column":3}},"loc":{"start":{"line":13,"column":18},"end":{"line":69,"column":3}},"line":13}},"branchMap":{"0":{"loc":{"start":{"line":10,"column":14},"end":{"line":10,"column":24}},"type":"default-arg","locations":[{"start":{"line":10,"column":22},"end":{"line":10,"column":24}}],"line":10},"1":{"loc":{"start":{"line":15,"column":6},"end":{"line":42,"column":7}},"type":"if","locations":[{"start":{"line":15,"column":6},"end":{"line":42,"column":7}},{"start":{"line":24,"column":13},"end":{"line":42,"column":7}}],"line":15},"2":{"loc":{"start":{"line":16,"column":8},"end":{"line":17,"column":73}},"type":"binary-expr","locations":[{"start":{"line":16,"column":8},"end":{"line":16,"column":41}},{"start":{"line":17,"column":8},"end":{"line":17,"column":73}}],"line":16},"3":{"loc":{"start":{"line":19,"column":8},"end":{"line":23,"column":9}},"type":"if","locations":[{"start":{"line":19,"column":8},"end":{"line":23,"column":9}},{"start":{},"end":{}}],"line":19},"4":{"loc":{"start":{"line":20,"column":10},"end":{"line":22,"column":11}},"type":"if","locations":[{"start":{"line":20,"column":10},"end":{"line":22,"column":11}},{"start":{},"end":{}}],"line":20},"5":{"loc":{"start":{"line":25,"column":8},"end":{"line":41,"column":9}},"type":"if","locations":[{"start":{"line":25,"column":8},"end":{"line":41,"column":9}},{"start":{},"end":{}}],"line":25},"6":{"loc":{"start":{"line":27,"column":10},"end":{"line":40,"column":11}},"type":"if","locations":[{"start":{"line":27,"column":10},"end":{"line":40,"column":11}},{"start":{},"end":{}}],"line":27},"7":{"loc":{"start":{"line":30,"column":12},"end":{"line":34,"column":13}},"type":"if","locations":[{"start":{"line":30,"column":12},"end":{"line":34,"column":13}},{"start":{},"end":{}}],"line":30},"8":{"loc":{"start":{"line":31,"column":14},"end":{"line":33,"column":15}},"type":"if","locations":[{"start":{"line":31,"column":14},"end":{"line":33,"column":15}},{"start":{},"end":{}}],"line":31},"9":{"loc":{"start":{"line":35,"column":12},"end":{"line":39,"column":13}},"type":"if","locations":[{"start":{"line":35,"column":12},"end":{"line":39,"column":13}},{"start":{},"end":{}}],"line":35},"10":{"loc":{"start":{"line":36,"column":14},"end":{"line":38,"column":15}},"type":"if","locations":[{"start":{"line":36,"column":14},"end":{"line":38,"column":15}},{"start":{},"end":{}}],"line":36},"11":{"loc":{"start":{"line":43,"column":6},"end":{"line":45,"column":7}},"type":"if","locations":[{"start":{"line":43,"column":6},"end":{"line":45,"column":7}},{"start":{},"end":{}}],"line":43},"12":{"loc":{"start":{"line":46,"column":6},"end":{"line":65,"column":7}},"type":"if","locations":[{"start":{"line":46,"column":6},"end":{"line":65,"column":7}},{"start":{},"end":{}}],"line":46},"13":{"loc":{"start":{"line":47,"column":8},"end":{"line":64,"column":9}},"type":"if","locations":[{"start":{"line":47,"column":8},"end":{"line":64,"column":9}},{"start":{"line":60,"column":15},"end":{"line":64,"column":9}}],"line":47},"14":{"loc":{"start":{"line":48,"column":10},"end":{"line":59,"column":11}},"type":"if","locations":[{"start":{"line":48,"column":10},"end":{"line":59,"column":11}},{"start":{"line":56,"column":17},"end":{"line":59,"column":11}}],"line":48},"15":{"loc":{"start":{"line":51,"column":12},"end":{"line":55,"column":13}},"type":"if","locations":[{"start":{"line":51,"column":12},"end":{"line":55,"column":13}},{"start":{},"end":{}}],"line":51},"16":{"loc":{"start":{"line":52,"column":14},"end":{"line":54,"column":15}},"type":"if","locations":[{"start":{"line":52,"column":14},"end":{"line":54,"column":15}},{"start":{},"end":{}}],"line":52},"17":{"loc":{"start":{"line":61,"column":10},"end":{"line":63,"column":11}},"type":"if","locations":[{"start":{"line":61,"column":10},"end":{"line":63,"column":11}},{"start":{},"end":{}}],"line":61}},"s":{"0":28,"1":28,"2":28,"3":10,"4":10,"5":10,"6":14,"7":6,"8":5,"9":3,"10":8,"11":7,"12":7,"13":5,"14":3,"15":3,"16":5,"17":2,"18":2,"19":14,"20":12,"21":14,"22":3,"23":2,"24":1,"25":1,"26":1,"27":1,"28":1,"29":0,"30":10},"f":{"0":28,"1":10,"2":10},"b":{"0":[0],"1":[6,8],"2":[14,11],"3":[5,1],"4":[3,2],"5":[7,1],"6":[5,2],"7":[3,2],"8":[3,0],"9":[2,3],"10":[2,0],"11":[12,2],"12":[3,11],"13":[2,1],"14":[1,1],"15":[1,0],"16":[1,0],"17":[0,1]},"_coverageSchema":"1a1c01bbd47fc00a2c39e90264f33305004495a9","hash":"0fea738cad6dfd45bdcd10d852f921fd7ffe5580"}
}
