{"C:\\xampp\\htdocs\\Ynov\\gr-refactoring-kata\\src\\index.js": {"path":"C:\\xampp\\htdocs\\Ynov\\gr-refactoring-kata\\src\\index.js","statementMap":{"0":{"start":{"line":3,"column":4},"end":{"line":3,"column":21}},"1":{"start":{"line":4,"column":4},"end":{"line":4,"column":25}},"2":{"start":{"line":5,"column":4},"end":{"line":5,"column":27}},"3":{"start":{"line":11,"column":4},"end":{"line":11,"column":23}},"4":{"start":{"line":15,"column":4},"end":{"line":27,"column":5}},"5":{"start":{"line":17,"column":8},"end":{"line":17,"column":39}},"6":{"start":{"line":19,"column":8},"end":{"line":19,"column":41}},"7":{"start":{"line":19,"column":29},"end":{"line":19,"column":41}},"8":{"start":{"line":20,"column":8},"end":{"line":20,"column":39}},"9":{"start":{"line":20,"column":30},"end":{"line":20,"column":39}},"10":{"start":{"line":21,"column":8},"end":{"line":21,"column":40}},"11":{"start":{"line":21,"column":31},"end":{"line":21,"column":40}},"12":{"start":{"line":22,"column":8},"end":{"line":22,"column":17}},"13":{"start":{"line":24,"column":8},"end":{"line":24,"column":17}},"14":{"start":{"line":26,"column":8},"end":{"line":26,"column":41}},"15":{"start":{"line":31,"column":4},"end":{"line":36,"column":5}},"16":{"start":{"line":33,"column":8},"end":{"line":33,"column":17}},"17":{"start":{"line":35,"column":8},"end":{"line":35,"column":18}},"18":{"start":{"line":40,"column":4},"end":{"line":40,"column":54}},"19":{"start":{"line":44,"column":4},"end":{"line":44,"column":56}},"20":{"start":{"line":48,"column":4},"end":{"line":48,"column":40}},"21":{"start":{"line":49,"column":4},"end":{"line":49,"column":76}},"22":{"start":{"line":51,"column":4},"end":{"line":54,"column":5}},"23":{"start":{"line":52,"column":6},"end":{"line":52,"column":45}},"24":{"start":{"line":52,"column":28},"end":{"line":52,"column":45}},"25":{"start":{"line":53,"column":6},"end":{"line":53,"column":47}},"26":{"start":{"line":53,"column":29},"end":{"line":53,"column":47}},"27":{"start":{"line":56,"column":4},"end":{"line":56,"column":16}},"28":{"start":{"line":60,"column":4},"end":{"line":60,"column":72}},"29":{"start":{"line":60,"column":42},"end":{"line":60,"column":70}},"30":{"start":{"line":61,"column":4},"end":{"line":61,"column":22}}},"fnMap":{"0":{"name":"(anonymous_0)","decl":{"start":{"line":2,"column":2},"end":{"line":2,"column":3}},"loc":{"start":{"line":2,"column":37},"end":{"line":6,"column":3}},"line":2},"1":{"name":"(anonymous_1)","decl":{"start":{"line":10,"column":2},"end":{"line":10,"column":3}},"loc":{"start":{"line":10,"column":21},"end":{"line":12,"column":3}},"line":10},"2":{"name":"(anonymous_2)","decl":{"start":{"line":14,"column":2},"end":{"line":14,"column":3}},"loc":{"start":{"line":14,"column":19},"end":{"line":28,"column":3}},"line":14},"3":{"name":"(anonymous_3)","decl":{"start":{"line":30,"column":2},"end":{"line":30,"column":3}},"loc":{"start":{"line":30,"column":18},"end":{"line":37,"column":3}},"line":30},"4":{"name":"(anonymous_4)","decl":{"start":{"line":39,"column":2},"end":{"line":39,"column":3}},"loc":{"start":{"line":39,"column":17},"end":{"line":41,"column":3}},"line":39},"5":{"name":"(anonymous_5)","decl":{"start":{"line":43,"column":2},"end":{"line":43,"column":3}},"loc":{"start":{"line":43,"column":19},"end":{"line":45,"column":3}},"line":43},"6":{"name":"(anonymous_6)","decl":{"start":{"line":47,"column":2},"end":{"line":47,"column":3}},"loc":{"start":{"line":47,"column":26},"end":{"line":57,"column":3}},"line":47},"7":{"name":"(anonymous_7)","decl":{"start":{"line":59,"column":2},"end":{"line":59,"column":3}},"loc":{"start":{"line":59,"column":18},"end":{"line":62,"column":3}},"line":59},"8":{"name":"(anonymous_8)","decl":{"start":{"line":60,"column":32},"end":{"line":60,"column":33}},"loc":{"start":{"line":60,"column":42},"end":{"line":60,"column":70}},"line":60}},"branchMap":{"0":{"loc":{"start":{"line":15,"column":4},"end":{"line":27,"column":5}},"type":"switch","locations":[{"start":{"line":16,"column":6},"end":{"line":17,"column":39}},{"start":{"line":18,"column":6},"end":{"line":22,"column":17}},{"start":{"line":23,"column":6},"end":{"line":24,"column":17}},{"start":{"line":25,"column":6},"end":{"line":26,"column":41}}],"line":15},"1":{"loc":{"start":{"line":17,"column":15},"end":{"line":17,"column":38}},"type":"cond-expr","locations":[{"start":{"line":17,"column":33},"end":{"line":17,"column":34}},{"start":{"line":17,"column":37},"end":{"line":17,"column":38}}],"line":17},"2":{"loc":{"start":{"line":19,"column":8},"end":{"line":19,"column":41}},"type":"if","locations":[{"start":{"line":19,"column":8},"end":{"line":19,"column":41}},{"start":{},"end":{}}],"line":19},"3":{"loc":{"start":{"line":20,"column":8},"end":{"line":20,"column":39}},"type":"if","locations":[{"start":{"line":20,"column":8},"end":{"line":20,"column":39}},{"start":{},"end":{}}],"line":20},"4":{"loc":{"start":{"line":21,"column":8},"end":{"line":21,"column":40}},"type":"if","locations":[{"start":{"line":21,"column":8},"end":{"line":21,"column":40}},{"start":{},"end":{}}],"line":21},"5":{"loc":{"start":{"line":26,"column":15},"end":{"line":26,"column":40}},"type":"cond-expr","locations":[{"start":{"line":26,"column":33},"end":{"line":26,"column":35}},{"start":{"line":26,"column":38},"end":{"line":26,"column":40}}],"line":26},"6":{"loc":{"start":{"line":31,"column":4},"end":{"line":36,"column":5}},"type":"switch","locations":[{"start":{"line":32,"column":6},"end":{"line":33,"column":17}},{"start":{"line":34,"column":6},"end":{"line":35,"column":18}}],"line":31},"7":{"loc":{"start":{"line":49,"column":45},"end":{"line":49,"column":74}},"type":"cond-expr","locations":[{"start":{"line":49,"column":69},"end":{"line":49,"column":70}},{"start":{"line":49,"column":73},"end":{"line":49,"column":74}}],"line":49},"8":{"loc":{"start":{"line":51,"column":4},"end":{"line":54,"column":5}},"type":"if","locations":[{"start":{"line":51,"column":4},"end":{"line":54,"column":5}},{"start":{},"end":{}}],"line":51},"9":{"loc":{"start":{"line":52,"column":6},"end":{"line":52,"column":45}},"type":"if","locations":[{"start":{"line":52,"column":6},"end":{"line":52,"column":45}},{"start":{},"end":{}}],"line":52},"10":{"loc":{"start":{"line":53,"column":6},"end":{"line":53,"column":47}},"type":"if","locations":[{"start":{"line":53,"column":6},"end":{"line":53,"column":47}},{"start":{},"end":{}}],"line":53}},"s":{"0":30,"1":30,"2":30,"3":11,"4":15,"5":3,"6":5,"7":1,"8":4,"9":1,"10":3,"11":1,"12":2,"13":2,"14":5,"15":15,"16":2,"17":13,"18":15,"19":15,"20":15,"21":15,"22":15,"23":13,"24":2,"25":13,"26":2,"27":15,"28":11,"29":15,"30":11},"f":{"0":30,"1":11,"2":15,"3":15,"4":15,"5":15,"6":15,"7":11,"8":15},"b":{"0":[3,5,2,5],"1":[1,2],"2":[1,4],"3":[1,3],"4":[1,2],"5":[1,4],"6":[2,13],"7":[1,14],"8":[13,2],"9":[2,11],"10":[2,11]},"_coverageSchema":"1a1c01bbd47fc00a2c39e90264f33305004495a9","hash":"174c88f10b3a493ca7719a43a8daca67b1e4b4bd"}
}
